[debug] [2025-07-20T15:15:01.021Z] ----------------------------------------------------------------------
[debug] [2025-07-20T15:15:01.027Z] Command:       D:\Program Files\nodejs\node.exe C:\Users\KIVUTI\AppData\Roaming\npm\node_modules\firebase-tools\lib\bin\firebase.js init
[debug] [2025-07-20T15:15:01.028Z] CLI Version:   14.11.0
[debug] [2025-07-20T15:15:01.028Z] Platform:      win32
[debug] [2025-07-20T15:15:01.028Z] Node Version:  v22.13.1
[debug] [2025-07-20T15:15:01.028Z] Time:          Sun Jul 20 2025 18:15:01 GMT+0300 (East Africa Time)
[debug] [2025-07-20T15:15:01.028Z] ----------------------------------------------------------------------
[debug] 
[debug] [2025-07-20T15:15:01.032Z] >>> [apiv2][query] GET https://firebase-public.firebaseio.com/cli.json [none]
[debug] [2025-07-20T15:15:01.123Z] > command requires scopes: ["email","openid","https://www.googleapis.com/auth/cloudplatformprojects.readonly","https://www.googleapis.com/auth/firebase","https://www.googleapis.com/auth/cloud-platform"]
[debug] [2025-07-20T15:15:01.123Z] > authorizing via signed-in user (devdevdevs254@gmail.com)
[info] 
     ######## #### ########  ######## ########     ###     ######  ########
     ##        ##  ##     ## ##       ##     ##  ##   ##  ##       ##
     ######    ##  ########  ######   ########  #########  ######  ######
     ##        ##  ##    ##  ##       ##     ## ##     ##       ## ##
     ##       #### ##     ## ######## ########  ##     ##  ######  ########

You're about to initialize a Firebase project in this directory:

  C:\Users\KIVUTI\desktop\templates\1

[debug] [2025-07-20T15:15:01.730Z] <<< [apiv2][status] GET https://firebase-public.firebaseio.com/cli.json 200
[debug] [2025-07-20T15:15:01.732Z] <<< [apiv2][body] GET https://firebase-public.firebaseio.com/cli.json {"cloudBuildErrorAfter":1594252800000,"cloudBuildWarnAfter":1590019200000,"defaultNode10After":1594252800000,"minVersion":"3.0.5","node8DeploysDisabledAfter":1613390400000,"node8RuntimeDisabledAfter":1615809600000,"node8WarnAfter":1600128000000}
